<?xml version="1.0" encoding="UTF-8"?>
<!-- Generated by org.testng.reporters.JUnitReportReporter -->
<testsuite hostname="DESKTOP-MOB7CUU" failures="0" tests="1" name="runners.TestRunner" time="6.463" errors="0" timestamp="2025-08-22T11:10:23 IST" skipped="0">
  <testcase classname="runners.TestRunner" name="runScenario" time="6.463"/>
</testsuite> <!-- runners.TestRunner -->
