<?xml version="1.0" encoding="UTF-8"?>
<!-- Generated by org.testng.reporters.JUnitReportReporter -->
<testsuite hostname="DESKTOP-MOB7CUU" failures="0" tests="2" name="Page.AmazonTest.AmazonTest" time="5.953" errors="0" timestamp="2025-08-22T09:42:45 IST" skipped="0">
  <testcase classname="Page.AmazonTest.AmazonTest" name="purchase" time="5.881"/>
  <testcase classname="Page.AmazonTest.AmazonTest" name="verifyHeader" time="0.072"/>
</testsuite> <!-- Page.AmazonTest.AmazonTest -->
